Start testing: May 19 09:18 CEST
----------------------------------------------------------
1/17 Testing: FsmTest.StartsInStandby
1/17 Test: FsmTest.StartsInStandby
Command: "/Users/kab/Projects/Portfolio/appliance_control/hil/controller/build/test_hil" "--gtest_filter=FsmTest.StartsInStandby" "--gtest_also_run_disabled_tests"
Directory: /Users/kab/Projects/Portfolio/appliance_control/hil/controller/build
"FsmTest.StartsInStandby" start time: May 19 09:18 CEST
Output:
----------------------------------------------------------
Running main() from /Users/kab/Projects/Portfolio/appliance_control/hil/controller/build/_deps/googletest-src/googletest/src/gtest_main.cc
Note: Google Test filter = FsmTest.StartsInStandby
[==========] Running 1 test from 1 test suite.
[----------] Global test environment set-up.
[----------] 1 test from FsmTest
[ RUN      ] FsmTest.StartsInStandby
[       OK ] FsmTest.StartsInStandby (0 ms)
[----------] 1 test from FsmTest (0 ms total)

[----------] Global test environment tear-down
[==========] 1 test from 1 test suite ran. (0 ms total)
[  PASSED  ] 1 test.
<end of output>
Test time =   0.00 sec
----------------------------------------------------------
Test Passed.
"FsmTest.StartsInStandby" end time: May 19 09:18 CEST
"FsmTest.StartsInStandby" time elapsed: 00:00:00
----------------------------------------------------------

2/17 Testing: FsmTest.StandbyToInitialisingOnFirstStep
2/17 Test: FsmTest.StandbyToInitialisingOnFirstStep
Command: "/Users/kab/Projects/Portfolio/appliance_control/hil/controller/build/test_hil" "--gtest_filter=FsmTest.StandbyToInitialisingOnFirstStep" "--gtest_also_run_disabled_tests"
Directory: /Users/kab/Projects/Portfolio/appliance_control/hil/controller/build
"FsmTest.StandbyToInitialisingOnFirstStep" start time: May 19 09:18 CEST
Output:
----------------------------------------------------------
Running main() from /Users/kab/Projects/Portfolio/appliance_control/hil/controller/build/_deps/googletest-src/googletest/src/gtest_main.cc
Note: Google Test filter = FsmTest.StandbyToInitialisingOnFirstStep
[==========] Running 1 test from 1 test suite.
[----------] Global test environment set-up.
[----------] 1 test from FsmTest
[ RUN      ] FsmTest.StandbyToInitialisingOnFirstStep
[       OK ] FsmTest.StandbyToInitialisingOnFirstStep (0 ms)
[----------] 1 test from FsmTest (0 ms total)

[----------] Global test environment tear-down
[==========] 1 test from 1 test suite ran. (0 ms total)
[  PASSED  ] 1 test.
<end of output>
Test time =   0.00 sec
----------------------------------------------------------
Test Passed.
"FsmTest.StandbyToInitialisingOnFirstStep" end time: May 19 09:18 CEST
"FsmTest.StandbyToInitialisingOnFirstStep" time elapsed: 00:00:00
----------------------------------------------------------

3/17 Testing: FsmTest.InitialisingRequiresValidFrames
3/17 Test: FsmTest.InitialisingRequiresValidFrames
Command: "/Users/kab/Projects/Portfolio/appliance_control/hil/controller/build/test_hil" "--gtest_filter=FsmTest.InitialisingRequiresValidFrames" "--gtest_also_run_disabled_tests"
Directory: /Users/kab/Projects/Portfolio/appliance_control/hil/controller/build
"FsmTest.InitialisingRequiresValidFrames" start time: May 19 09:18 CEST
Output:
----------------------------------------------------------
Running main() from /Users/kab/Projects/Portfolio/appliance_control/hil/controller/build/_deps/googletest-src/googletest/src/gtest_main.cc
Note: Google Test filter = FsmTest.InitialisingRequiresValidFrames
[==========] Running 1 test from 1 test suite.
[----------] Global test environment set-up.
[----------] 1 test from FsmTest
[ RUN      ] FsmTest.InitialisingRequiresValidFrames
[       OK ] FsmTest.InitialisingRequiresValidFrames (0 ms)
[----------] 1 test from FsmTest (0 ms total)

[----------] Global test environment tear-down
[==========] 1 test from 1 test suite ran. (0 ms total)
[  PASSED  ] 1 test.
<end of output>
Test time =   0.00 sec
----------------------------------------------------------
Test Passed.
"FsmTest.InitialisingRequiresValidFrames" end time: May 19 09:18 CEST
"FsmTest.InitialisingRequiresValidFrames" time elapsed: 00:00:00
----------------------------------------------------------

4/17 Testing: FsmTest.RunningAfterEnoughValidFrames
4/17 Test: FsmTest.RunningAfterEnoughValidFrames
Command: "/Users/kab/Projects/Portfolio/appliance_control/hil/controller/build/test_hil" "--gtest_filter=FsmTest.RunningAfterEnoughValidFrames" "--gtest_also_run_disabled_tests"
Directory: /Users/kab/Projects/Portfolio/appliance_control/hil/controller/build
"FsmTest.RunningAfterEnoughValidFrames" start time: May 19 09:18 CEST
Output:
----------------------------------------------------------
Running main() from /Users/kab/Projects/Portfolio/appliance_control/hil/controller/build/_deps/googletest-src/googletest/src/gtest_main.cc
Note: Google Test filter = FsmTest.RunningAfterEnoughValidFrames
[==========] Running 1 test from 1 test suite.
[----------] Global test environment set-up.
[----------] 1 test from FsmTest
[ RUN      ] FsmTest.RunningAfterEnoughValidFrames
[       OK ] FsmTest.RunningAfterEnoughValidFrames (0 ms)
[----------] 1 test from FsmTest (0 ms total)

[----------] Global test environment tear-down
[==========] 1 test from 1 test suite ran. (0 ms total)
[  PASSED  ] 1 test.
<end of output>
Test time =   0.00 sec
----------------------------------------------------------
Test Passed.
"FsmTest.RunningAfterEnoughValidFrames" end time: May 19 09:18 CEST
"FsmTest.RunningAfterEnoughValidFrames" time elapsed: 00:00:00
----------------------------------------------------------

5/17 Testing: FsmTest.HighTempCausesFault
5/17 Test: FsmTest.HighTempCausesFault
Command: "/Users/kab/Projects/Portfolio/appliance_control/hil/controller/build/test_hil" "--gtest_filter=FsmTest.HighTempCausesFault" "--gtest_also_run_disabled_tests"
Directory: /Users/kab/Projects/Portfolio/appliance_control/hil/controller/build
"FsmTest.HighTempCausesFault" start time: May 19 09:18 CEST
Output:
----------------------------------------------------------
Running main() from /Users/kab/Projects/Portfolio/appliance_control/hil/controller/build/_deps/googletest-src/googletest/src/gtest_main.cc
Note: Google Test filter = FsmTest.HighTempCausesFault
[==========] Running 1 test from 1 test suite.
[----------] Global test environment set-up.
[----------] 1 test from FsmTest
[ RUN      ] FsmTest.HighTempCausesFault
[       OK ] FsmTest.HighTempCausesFault (0 ms)
[----------] 1 test from FsmTest (0 ms total)

[----------] Global test environment tear-down
[==========] 1 test from 1 test suite ran. (0 ms total)
[  PASSED  ] 1 test.
<end of output>
Test time =   0.00 sec
----------------------------------------------------------
Test Passed.
"FsmTest.HighTempCausesFault" end time: May 19 09:18 CEST
"FsmTest.HighTempCausesFault" time elapsed: 00:00:00
----------------------------------------------------------

6/17 Testing: FsmTest.HighPressureCausesFault
6/17 Test: FsmTest.HighPressureCausesFault
Command: "/Users/kab/Projects/Portfolio/appliance_control/hil/controller/build/test_hil" "--gtest_filter=FsmTest.HighPressureCausesFault" "--gtest_also_run_disabled_tests"
Directory: /Users/kab/Projects/Portfolio/appliance_control/hil/controller/build
"FsmTest.HighPressureCausesFault" start time: May 19 09:18 CEST
Output:
----------------------------------------------------------
Running main() from /Users/kab/Projects/Portfolio/appliance_control/hil/controller/build/_deps/googletest-src/googletest/src/gtest_main.cc
Note: Google Test filter = FsmTest.HighPressureCausesFault
[==========] Running 1 test from 1 test suite.
[----------] Global test environment set-up.
[----------] 1 test from FsmTest
[ RUN      ] FsmTest.HighPressureCausesFault
[       OK ] FsmTest.HighPressureCausesFault (0 ms)
[----------] 1 test from FsmTest (0 ms total)

[----------] Global test environment tear-down
[==========] 1 test from 1 test suite ran. (0 ms total)
[  PASSED  ] 1 test.
<end of output>
Test time =   0.00 sec
----------------------------------------------------------
Test Passed.
"FsmTest.HighPressureCausesFault" end time: May 19 09:18 CEST
"FsmTest.HighPressureCausesFault" time elapsed: 00:00:00
----------------------------------------------------------

7/17 Testing: FsmTest.EmergencyStopFromRunning
7/17 Test: FsmTest.EmergencyStopFromRunning
Command: "/Users/kab/Projects/Portfolio/appliance_control/hil/controller/build/test_hil" "--gtest_filter=FsmTest.EmergencyStopFromRunning" "--gtest_also_run_disabled_tests"
Directory: /Users/kab/Projects/Portfolio/appliance_control/hil/controller/build
"FsmTest.EmergencyStopFromRunning" start time: May 19 09:18 CEST
Output:
----------------------------------------------------------
Running main() from /Users/kab/Projects/Portfolio/appliance_control/hil/controller/build/_deps/googletest-src/googletest/src/gtest_main.cc
Note: Google Test filter = FsmTest.EmergencyStopFromRunning
[==========] Running 1 test from 1 test suite.
[----------] Global test environment set-up.
[----------] 1 test from FsmTest
[ RUN      ] FsmTest.EmergencyStopFromRunning
[       OK ] FsmTest.EmergencyStopFromRunning (0 ms)
[----------] 1 test from FsmTest (0 ms total)

[----------] Global test environment tear-down
[==========] 1 test from 1 test suite ran. (0 ms total)
[  PASSED  ] 1 test.
<end of output>
Test time =   0.00 sec
----------------------------------------------------------
Test Passed.
"FsmTest.EmergencyStopFromRunning" end time: May 19 09:18 CEST
"FsmTest.EmergencyStopFromRunning" time elapsed: 00:00:00
----------------------------------------------------------

8/17 Testing: FsmTest.ResetFromFaultToStandby
8/17 Test: FsmTest.ResetFromFaultToStandby
Command: "/Users/kab/Projects/Portfolio/appliance_control/hil/controller/build/test_hil" "--gtest_filter=FsmTest.ResetFromFaultToStandby" "--gtest_also_run_disabled_tests"
Directory: /Users/kab/Projects/Portfolio/appliance_control/hil/controller/build
"FsmTest.ResetFromFaultToStandby" start time: May 19 09:18 CEST
Output:
----------------------------------------------------------
Running main() from /Users/kab/Projects/Portfolio/appliance_control/hil/controller/build/_deps/googletest-src/googletest/src/gtest_main.cc
Note: Google Test filter = FsmTest.ResetFromFaultToStandby
[==========] Running 1 test from 1 test suite.
[----------] Global test environment set-up.
[----------] 1 test from FsmTest
[ RUN      ] FsmTest.ResetFromFaultToStandby
[       OK ] FsmTest.ResetFromFaultToStandby (0 ms)
[----------] 1 test from FsmTest (0 ms total)

[----------] Global test environment tear-down
[==========] 1 test from 1 test suite ran. (0 ms total)
[  PASSED  ] 1 test.
<end of output>
Test time =   0.00 sec
----------------------------------------------------------
Test Passed.
"FsmTest.ResetFromFaultToStandby" end time: May 19 09:18 CEST
"FsmTest.ResetFromFaultToStandby" time elapsed: 00:00:00
----------------------------------------------------------

9/17 Testing: FsmTest.ResetFromEmergencyStop
9/17 Test: FsmTest.ResetFromEmergencyStop
Command: "/Users/kab/Projects/Portfolio/appliance_control/hil/controller/build/test_hil" "--gtest_filter=FsmTest.ResetFromEmergencyStop" "--gtest_also_run_disabled_tests"
Directory: /Users/kab/Projects/Portfolio/appliance_control/hil/controller/build
"FsmTest.ResetFromEmergencyStop" start time: May 19 09:18 CEST
Output:
----------------------------------------------------------
Running main() from /Users/kab/Projects/Portfolio/appliance_control/hil/controller/build/_deps/googletest-src/googletest/src/gtest_main.cc
Note: Google Test filter = FsmTest.ResetFromEmergencyStop
[==========] Running 1 test from 1 test suite.
[----------] Global test environment set-up.
[----------] 1 test from FsmTest
[ RUN      ] FsmTest.ResetFromEmergencyStop
[       OK ] FsmTest.ResetFromEmergencyStop (0 ms)
[----------] 1 test from FsmTest (0 ms total)

[----------] Global test environment tear-down
[==========] 1 test from 1 test suite ran. (0 ms total)
[  PASSED  ] 1 test.
<end of output>
Test time =   0.00 sec
----------------------------------------------------------
Test Passed.
"FsmTest.ResetFromEmergencyStop" end time: May 19 09:18 CEST
"FsmTest.ResetFromEmergencyStop" time elapsed: 00:00:00
----------------------------------------------------------

10/17 Testing: FsmTest.InvalidResetFromRunningIgnored
10/17 Test: FsmTest.InvalidResetFromRunningIgnored
Command: "/Users/kab/Projects/Portfolio/appliance_control/hil/controller/build/test_hil" "--gtest_filter=FsmTest.InvalidResetFromRunningIgnored" "--gtest_also_run_disabled_tests"
Directory: /Users/kab/Projects/Portfolio/appliance_control/hil/controller/build
"FsmTest.InvalidResetFromRunningIgnored" start time: May 19 09:18 CEST
Output:
----------------------------------------------------------
Running main() from /Users/kab/Projects/Portfolio/appliance_control/hil/controller/build/_deps/googletest-src/googletest/src/gtest_main.cc
Note: Google Test filter = FsmTest.InvalidResetFromRunningIgnored
[==========] Running 1 test from 1 test suite.
[----------] Global test environment set-up.
[----------] 1 test from FsmTest
[ RUN      ] FsmTest.InvalidResetFromRunningIgnored
[       OK ] FsmTest.InvalidResetFromRunningIgnored (0 ms)
[----------] 1 test from FsmTest (0 ms total)

[----------] Global test environment tear-down
[==========] 1 test from 1 test suite ran. (0 ms total)
[  PASSED  ] 1 test.
<end of output>
Test time =   0.00 sec
----------------------------------------------------------
Test Passed.
"FsmTest.InvalidResetFromRunningIgnored" end time: May 19 09:18 CEST
"FsmTest.InvalidResetFromRunningIgnored" time elapsed: 00:00:00
----------------------------------------------------------

11/17 Testing: FsmTest.SetpointSlowsConveyorOnHighTemp
11/17 Test: FsmTest.SetpointSlowsConveyorOnHighTemp
Command: "/Users/kab/Projects/Portfolio/appliance_control/hil/controller/build/test_hil" "--gtest_filter=FsmTest.SetpointSlowsConveyorOnHighTemp" "--gtest_also_run_disabled_tests"
Directory: /Users/kab/Projects/Portfolio/appliance_control/hil/controller/build
"FsmTest.SetpointSlowsConveyorOnHighTemp" start time: May 19 09:18 CEST
Output:
----------------------------------------------------------
Running main() from /Users/kab/Projects/Portfolio/appliance_control/hil/controller/build/_deps/googletest-src/googletest/src/gtest_main.cc
Note: Google Test filter = FsmTest.SetpointSlowsConveyorOnHighTemp
[==========] Running 1 test from 1 test suite.
[----------] Global test environment set-up.
[----------] 1 test from FsmTest
[ RUN      ] FsmTest.SetpointSlowsConveyorOnHighTemp
[       OK ] FsmTest.SetpointSlowsConveyorOnHighTemp (0 ms)
[----------] 1 test from FsmTest (0 ms total)

[----------] Global test environment tear-down
[==========] 1 test from 1 test suite ran. (0 ms total)
[  PASSED  ] 1 test.
<end of output>
Test time =   0.00 sec
----------------------------------------------------------
Test Passed.
"FsmTest.SetpointSlowsConveyorOnHighTemp" end time: May 19 09:18 CEST
"FsmTest.SetpointSlowsConveyorOnHighTemp" time elapsed: 00:00:00
----------------------------------------------------------

12/17 Testing: FsmTest.SetpointRequestsCoolingAbove60C
12/17 Test: FsmTest.SetpointRequestsCoolingAbove60C
Command: "/Users/kab/Projects/Portfolio/appliance_control/hil/controller/build/test_hil" "--gtest_filter=FsmTest.SetpointRequestsCoolingAbove60C" "--gtest_also_run_disabled_tests"
Directory: /Users/kab/Projects/Portfolio/appliance_control/hil/controller/build
"FsmTest.SetpointRequestsCoolingAbove60C" start time: May 19 09:18 CEST
Output:
----------------------------------------------------------
Running main() from /Users/kab/Projects/Portfolio/appliance_control/hil/controller/build/_deps/googletest-src/googletest/src/gtest_main.cc
Note: Google Test filter = FsmTest.SetpointRequestsCoolingAbove60C
[==========] Running 1 test from 1 test suite.
[----------] Global test environment set-up.
[----------] 1 test from FsmTest
[ RUN      ] FsmTest.SetpointRequestsCoolingAbove60C
[       OK ] FsmTest.SetpointRequestsCoolingAbove60C (0 ms)
[----------] 1 test from FsmTest (0 ms total)

[----------] Global test environment tear-down
[==========] 1 test from 1 test suite ran. (0 ms total)
[  PASSED  ] 1 test.
<end of output>
Test time =   0.00 sec
----------------------------------------------------------
Test Passed.
"FsmTest.SetpointRequestsCoolingAbove60C" end time: May 19 09:18 CEST
"FsmTest.SetpointRequestsCoolingAbove60C" time elapsed: 00:00:00
----------------------------------------------------------

13/17 Testing: FsmTest.TransitionHistoryRecorded
13/17 Test: FsmTest.TransitionHistoryRecorded
Command: "/Users/kab/Projects/Portfolio/appliance_control/hil/controller/build/test_hil" "--gtest_filter=FsmTest.TransitionHistoryRecorded" "--gtest_also_run_disabled_tests"
Directory: /Users/kab/Projects/Portfolio/appliance_control/hil/controller/build
"FsmTest.TransitionHistoryRecorded" start time: May 19 09:18 CEST
Output:
----------------------------------------------------------
Running main() from /Users/kab/Projects/Portfolio/appliance_control/hil/controller/build/_deps/googletest-src/googletest/src/gtest_main.cc
Note: Google Test filter = FsmTest.TransitionHistoryRecorded
[==========] Running 1 test from 1 test suite.
[----------] Global test environment set-up.
[----------] 1 test from FsmTest
[ RUN      ] FsmTest.TransitionHistoryRecorded
[       OK ] FsmTest.TransitionHistoryRecorded (0 ms)
[----------] 1 test from FsmTest (0 ms total)

[----------] Global test environment tear-down
[==========] 1 test from 1 test suite ran. (0 ms total)
[  PASSED  ] 1 test.
<end of output>
Test time =   0.00 sec
----------------------------------------------------------
Test Passed.
"FsmTest.TransitionHistoryRecorded" end time: May 19 09:18 CEST
"FsmTest.TransitionHistoryRecorded" time elapsed: 00:00:00
----------------------------------------------------------

14/17 Testing: MqttClientTest.DefaultNotConnected
14/17 Test: MqttClientTest.DefaultNotConnected
Command: "/Users/kab/Projects/Portfolio/appliance_control/hil/controller/build/test_hil" "--gtest_filter=MqttClientTest.DefaultNotConnected" "--gtest_also_run_disabled_tests"
Directory: /Users/kab/Projects/Portfolio/appliance_control/hil/controller/build
"MqttClientTest.DefaultNotConnected" start time: May 19 09:18 CEST
Output:
----------------------------------------------------------
Running main() from /Users/kab/Projects/Portfolio/appliance_control/hil/controller/build/_deps/googletest-src/googletest/src/gtest_main.cc
Note: Google Test filter = MqttClientTest.DefaultNotConnected
[==========] Running 1 test from 1 test suite.
[----------] Global test environment set-up.
[----------] 1 test from MqttClientTest
[ RUN      ] MqttClientTest.DefaultNotConnected
[       OK ] MqttClientTest.DefaultNotConnected (0 ms)
[----------] 1 test from MqttClientTest (0 ms total)

[----------] Global test environment tear-down
[==========] 1 test from 1 test suite ran. (0 ms total)
[  PASSED  ] 1 test.
<end of output>
Test time =   0.00 sec
----------------------------------------------------------
Test Passed.
"MqttClientTest.DefaultNotConnected" end time: May 19 09:18 CEST
"MqttClientTest.DefaultNotConnected" time elapsed: 00:00:00
----------------------------------------------------------

15/17 Testing: MqttClientTest.ConnectToNonexistentBrokerReturnsFalse
15/17 Test: MqttClientTest.ConnectToNonexistentBrokerReturnsFalse
Command: "/Users/kab/Projects/Portfolio/appliance_control/hil/controller/build/test_hil" "--gtest_filter=MqttClientTest.ConnectToNonexistentBrokerReturnsFalse" "--gtest_also_run_disabled_tests"
Directory: /Users/kab/Projects/Portfolio/appliance_control/hil/controller/build
"MqttClientTest.ConnectToNonexistentBrokerReturnsFalse" start time: May 19 09:18 CEST
Output:
----------------------------------------------------------
Running main() from /Users/kab/Projects/Portfolio/appliance_control/hil/controller/build/_deps/googletest-src/googletest/src/gtest_main.cc
Note: Google Test filter = MqttClientTest.ConnectToNonexistentBrokerReturnsFalse
[==========] Running 1 test from 1 test suite.
[----------] Global test environment set-up.
[----------] 1 test from MqttClientTest
[ RUN      ] MqttClientTest.ConnectToNonexistentBrokerReturnsFalse
[       OK ] MqttClientTest.ConnectToNonexistentBrokerReturnsFalse (0 ms)
[----------] 1 test from MqttClientTest (0 ms total)

[----------] Global test environment tear-down
[==========] 1 test from 1 test suite ran. (0 ms total)
[  PASSED  ] 1 test.
<end of output>
Test time =   0.00 sec
----------------------------------------------------------
Test Passed.
"MqttClientTest.ConnectToNonexistentBrokerReturnsFalse" end time: May 19 09:18 CEST
"MqttClientTest.ConnectToNonexistentBrokerReturnsFalse" time elapsed: 00:00:00
----------------------------------------------------------

16/17 Testing: MqttClientTest.PublishWhenDisconnectedReturnsFalse
16/17 Test: MqttClientTest.PublishWhenDisconnectedReturnsFalse
Command: "/Users/kab/Projects/Portfolio/appliance_control/hil/controller/build/test_hil" "--gtest_filter=MqttClientTest.PublishWhenDisconnectedReturnsFalse" "--gtest_also_run_disabled_tests"
Directory: /Users/kab/Projects/Portfolio/appliance_control/hil/controller/build
"MqttClientTest.PublishWhenDisconnectedReturnsFalse" start time: May 19 09:18 CEST
Output:
----------------------------------------------------------
Running main() from /Users/kab/Projects/Portfolio/appliance_control/hil/controller/build/_deps/googletest-src/googletest/src/gtest_main.cc
Note: Google Test filter = MqttClientTest.PublishWhenDisconnectedReturnsFalse
[==========] Running 1 test from 1 test suite.
[----------] Global test environment set-up.
[----------] 1 test from MqttClientTest
[ RUN      ] MqttClientTest.PublishWhenDisconnectedReturnsFalse
[       OK ] MqttClientTest.PublishWhenDisconnectedReturnsFalse (0 ms)
[----------] 1 test from MqttClientTest (0 ms total)

[----------] Global test environment tear-down
[==========] 1 test from 1 test suite ran. (0 ms total)
[  PASSED  ] 1 test.
<end of output>
Test time =   0.00 sec
----------------------------------------------------------
Test Passed.
"MqttClientTest.PublishWhenDisconnectedReturnsFalse" end time: May 19 09:18 CEST
"MqttClientTest.PublishWhenDisconnectedReturnsFalse" time elapsed: 00:00:00
----------------------------------------------------------

17/17 Testing: MqttClientTest.DisconnectIdempotent
17/17 Test: MqttClientTest.DisconnectIdempotent
Command: "/Users/kab/Projects/Portfolio/appliance_control/hil/controller/build/test_hil" "--gtest_filter=MqttClientTest.DisconnectIdempotent" "--gtest_also_run_disabled_tests"
Directory: /Users/kab/Projects/Portfolio/appliance_control/hil/controller/build
"MqttClientTest.DisconnectIdempotent" start time: May 19 09:18 CEST
Output:
----------------------------------------------------------
Running main() from /Users/kab/Projects/Portfolio/appliance_control/hil/controller/build/_deps/googletest-src/googletest/src/gtest_main.cc
Note: Google Test filter = MqttClientTest.DisconnectIdempotent
[==========] Running 1 test from 1 test suite.
[----------] Global test environment set-up.
[----------] 1 test from MqttClientTest
[ RUN      ] MqttClientTest.DisconnectIdempotent
[       OK ] MqttClientTest.DisconnectIdempotent (0 ms)
[----------] 1 test from MqttClientTest (0 ms total)

[----------] Global test environment tear-down
[==========] 1 test from 1 test suite ran. (0 ms total)
[  PASSED  ] 1 test.
<end of output>
Test time =   0.00 sec
----------------------------------------------------------
Test Passed.
"MqttClientTest.DisconnectIdempotent" end time: May 19 09:18 CEST
"MqttClientTest.DisconnectIdempotent" time elapsed: 00:00:00
----------------------------------------------------------

End testing: May 19 09:18 CEST
